<?xml version="1.0" encoding="UTF-8"?>
<!-- Generated by org.testng.reporters.JUnitReportReporter -->
<testsuite skipped="0" hostname="DESKTOP-JQ0LRFT" name="allTest.HomepageTest" tests="2" failures="0" timestamp="2020-03-02T10:13:10 EST" time="15.521" errors="0">
  <testcase name="titleValidation" time="1.140" classname="allTest.HomepageTest"/>
  <system-out/>
  <testcase name="bestSellerValidation" time="14.381" classname="allTest.HomepageTest"/>
  <system-out/>
</testsuite> <!-- allTest.HomepageTest -->
